#
# A fatal error has been detected by the Java Runtime Environment:
#
#  SIGSEGV (0xb) at pc=0x00007f9406b1601b, pid=11054, tid=11082
#
# JRE version: Java(TM) SE Runtime Environment (9.0+11) (build 9.0.4+11)
# Java VM: Java HotSpot(TM) 64-Bit Server VM (9.0.4+11, mixed mode, tiered, compressed oops, g1 gc, linux-amd64)
# Problematic frame:
# C  [libjimage.so+0x401b]  ImageStrings::starts_with(char const*, char const*)+0xb
#
# Core dump will be written. Default location: Core dumps may be processed with "/usr/share/apport/apport %p %s %c %P" (or dumping to /home/ubi-4/Desktop/EclipseProjects/to_do_my/core.11054)
#
# If you would like to submit a bug report, please visit:
#   http://bugreport.java.com/bugreport/crash.jsp
#

---------------  S U M M A R Y ------------

Command Line: -agentlib:jdwp=transport=dt_socket,suspend=y,address=localhost:51985 -Dfile.encoding=UTF-8 to_do_my.App

Host: Intel(R) Core(TM) i3-5005U CPU @ 2.00GHz, 4 cores, 3G, Ubuntu 14.04 LTS
Time: Tue Mar 27 12:44:40 2018 IST elapsed time: 520 seconds (0d 0h 8m 40s)

---------------  T H R E A D  ---------------

Current thread (0x00007f9408119800):  JavaThread "Signal Dispatcher" daemon [_thread_in_vm, id=11082, stack(0x00007f93b9c36000,0x00007f93b9d37000)]

Stack: [0x00007f93b9c36000,0x00007f93b9d37000],  sp=0x00007f93b9d34270,  free space=1016k
Native frames: (J=compiled Java code, A=aot compiled Java code, j=interpreted, Vv=VM code, C=native code)
C  [libjimage.so+0x401b]  ImageStrings::starts_with(char const*, char const*)+0xb
C  [libjimage.so+0x4a61]  ImageFileReader::verify_location(ImageLocation&, char const*) const+0xa1
C  [libjimage.so+0x4bdd]  ImageFileReader::find_location_index(char const*, unsigned long long*) const+0x8d
C  [libjimage.so+0x505a]  JIMAGE_FindResource+0xba
V  [libjvm.so+0x5ab1d0]